info: Aug-16-2024 00:14:57: 	Server started on port 8080
info: Aug-16-2024 00:14:57: 	Connected to MongoDB
info: Aug-16-2024 00:17:31: 	Successfully retrieved logs
info: Aug-16-2024 00:17:32: 	Successfully retrieved logs
info: Aug-16-2024 00:17:38: 	Successfully retrieved logs
info: Aug-16-2024 00:17:38: 	Successfully retrieved logs
info: Aug-16-2024 00:17:44: 	Expression logged: 9-6 | Valid: true
info: Aug-16-2024 00:17:44: 	Successfully retrieved logs
info: Aug-16-2024 00:17:45: 	Successfully retrieved logs
info: Aug-16-2024 00:17:45: 	Successfully retrieved logs
info: Aug-16-2024 00:17:58: 	Successfully retrieved logs
info: Aug-16-2024 00:17:58: 	Successfully retrieved logs
info: Aug-19-2024 15:05:18: 	Server started on port 8080
info: Aug-19-2024 15:05:20: 	Connected to MongoDB
info: Sep-24-2024 13:36:38: 	Server started on port 8080
info: Sep-24-2024 13:36:46: 	Connected to MongoDB
info: Sep-24-2024 14:27:33: 	Server started on port 8080
info: Sep-24-2024 14:27:33: 	Connected to MongoDB
info: Sep-24-2024 14:27:41: 	Successfully retrieved logs
info: Sep-24-2024 14:33:29: 	Successfully retrieved logs
info: Sep-25-2024 11:09:23: 	Server started on port 8080
info: Sep-25-2024 11:09:24: 	Connected to MongoDB
info: Sep-25-2024 11:09:44: 	Successfully retrieved logs
info: Sep-25-2024 11:09:45: 	Successfully retrieved logs
info: Sep-25-2024 11:09:45: 	Successfully retrieved logs
info: Sep-25-2024 11:09:45: 	Successfully retrieved logs
info: Sep-25-2024 11:09:45: 	Successfully retrieved logs
info: Sep-25-2024 11:09:45: 	Successfully retrieved logs
info: Sep-25-2024 11:09:45: 	Successfully retrieved logs
info: Sep-25-2024 11:09:46: 	Successfully retrieved logs
info: Sep-25-2024 11:10:02: 	Successfully retrieved logs
info: Sep-25-2024 11:10:45: 	Successfully retrieved logs
info: Sep-25-2024 11:10:45: 	Successfully retrieved logs
info: Sep-25-2024 11:10:45: 	Successfully retrieved logs
info: Sep-25-2024 11:10:46: 	Successfully retrieved logs
info: Sep-25-2024 11:10:46: 	Successfully retrieved logs
info: Sep-25-2024 11:35:50: 	Successfully retrieved logs
info: Sep-25-2024 12:01:12: 	Server started on port 8080
info: Sep-25-2024 12:01:14: 	Connected to MongoDB
info: Sep-25-2024 12:29:50: 	Successfully retrieved logs
info: Sep-25-2024 12:29:51: 	Successfully retrieved logs
info: Sep-25-2024 16:39:49: 	Expression logged: 8-3 | Valid: true
info: Sep-25-2024 16:40:01: 	Expression logged: 2+3 | Valid: true
info: Sep-25-2024 16:51:49: 	Server started on port 8080
info: Sep-25-2024 16:51:51: 	Connected to MongoDB
